[08-Aug-2025 19:01:58 Europe/Berlin] PHP Warning:  Undefined variable $job in C:\xampp\htdocs\stage1\job_detail.php on line 542
[08-Aug-2025 19:01:58 Europe/Berlin] PHP Warning:  Trying to access array offset on value of type null in C:\xampp\htdocs\stage1\job_detail.php on line 542
[08-Aug-2025 19:01:58 Europe/Berlin] PHP Warning:  Undefined variable $error in C:\xampp\htdocs\stage1\job_detail.php on line 559
[08-Aug-2025 19:01:58 Europe/Berlin] PHP Warning:  Undefined variable $success in C:\xampp\htdocs\stage1\job_detail.php on line 562
[08-Aug-2025 19:01:58 Europe/Berlin] PHP Warning:  Undefined variable $job in C:\xampp\htdocs\stage1\job_detail.php on line 568
[08-Aug-2025 19:01:58 Europe/Berlin] PHP Warning:  Trying to access array offset on value of type null in C:\xampp\htdocs\stage1\job_detail.php on line 568
[08-Aug-2025 19:01:58 Europe/Berlin] PHP Warning:  Undefined variable $job in C:\xampp\htdocs\stage1\job_detail.php on line 570
[08-Aug-2025 19:01:58 Europe/Berlin] PHP Warning:  Trying to access array offset on value of type null in C:\xampp\htdocs\stage1\job_detail.php on line 570
[08-Aug-2025 19:01:58 Europe/Berlin] PHP Warning:  Undefined variable $job in C:\xampp\htdocs\stage1\job_detail.php on line 571
[08-Aug-2025 19:01:58 Europe/Berlin] PHP Warning:  Trying to access array offset on value of type null in C:\xampp\htdocs\stage1\job_detail.php on line 571
[08-Aug-2025 19:01:58 Europe/Berlin] PHP Warning:  Undefined variable $job in C:\xampp\htdocs\stage1\job_detail.php on line 572
[08-Aug-2025 19:01:58 Europe/Berlin] PHP Warning:  Trying to access array offset on value of type null in C:\xampp\htdocs\stage1\job_detail.php on line 572
[08-Aug-2025 19:01:58 Europe/Berlin] PHP Warning:  Undefined variable $job in C:\xampp\htdocs\stage1\job_detail.php on line 574
[08-Aug-2025 19:01:58 Europe/Berlin] PHP Warning:  Trying to access array offset on value of type null in C:\xampp\htdocs\stage1\job_detail.php on line 574
[08-Aug-2025 19:01:58 Europe/Berlin] PHP Warning:  Undefined variable $job in C:\xampp\htdocs\stage1\job_detail.php on line 575
[08-Aug-2025 19:01:58 Europe/Berlin] PHP Warning:  Trying to access array offset on value of type null in C:\xampp\htdocs\stage1\job_detail.php on line 575
[08-Aug-2025 19:01:58 Europe/Berlin] PHP Warning:  Undefined variable $job in C:\xampp\htdocs\stage1\job_detail.php on line 577
[08-Aug-2025 19:01:58 Europe/Berlin] PHP Warning:  Trying to access array offset on value of type null in C:\xampp\htdocs\stage1\job_detail.php on line 577
[08-Aug-2025 19:01:58 Europe/Berlin] PHP Warning:  Undefined variable $job in C:\xampp\htdocs\stage1\job_detail.php on line 583
[08-Aug-2025 19:01:58 Europe/Berlin] PHP Warning:  Trying to access array offset on value of type null in C:\xampp\htdocs\stage1\job_detail.php on line 583
[08-Aug-2025 19:01:58 Europe/Berlin] PHP Warning:  Undefined variable $job in C:\xampp\htdocs\stage1\job_detail.php on line 594
[08-Aug-2025 19:01:58 Europe/Berlin] PHP Warning:  Trying to access array offset on value of type null in C:\xampp\htdocs\stage1\job_detail.php on line 594
[08-Aug-2025 19:01:58 Europe/Berlin] PHP Warning:  Undefined variable $job in C:\xampp\htdocs\stage1\job_detail.php on line 598
[08-Aug-2025 19:01:58 Europe/Berlin] PHP Warning:  Trying to access array offset on value of type null in C:\xampp\htdocs\stage1\job_detail.php on line 598
[08-Aug-2025 19:01:58 Europe/Berlin] PHP Warning:  Undefined variable $job in C:\xampp\htdocs\stage1\job_detail.php on line 602
[08-Aug-2025 19:01:58 Europe/Berlin] PHP Warning:  Trying to access array offset on value of type null in C:\xampp\htdocs\stage1\job_detail.php on line 602
[08-Aug-2025 19:01:58 Europe/Berlin] PHP Warning:  Undefined variable $job in C:\xampp\htdocs\stage1\job_detail.php on line 604
[08-Aug-2025 19:01:59 Europe/Berlin] PHP Warning:  Trying to access array offset on value of type null in C:\xampp\htdocs\stage1\job_detail.php on line 604
[08-Aug-2025 19:01:59 Europe/Berlin] PHP Warning:  Undefined variable $deadline_passed in C:\xampp\htdocs\stage1\job_detail.php on line 613
[08-Aug-2025 19:01:59 Europe/Berlin] PHP Fatal error:  Uncaught Error: Call to undefined function generateCSRFToken() in C:\xampp\htdocs\stage1\job_detail.php:619
Stack trace:
#0 {main}
  thrown in C:\xampp\htdocs\stage1\job_detail.php on line 619
[08-Aug-2025 19:07:00 Europe/Berlin] PHP Warning:  Undefined variable $job in C:\xampp\htdocs\stage1\job_detail.php on line 542
[08-Aug-2025 19:07:00 Europe/Berlin] PHP Warning:  Trying to access array offset on value of type null in C:\xampp\htdocs\stage1\job_detail.php on line 542
[08-Aug-2025 19:07:00 Europe/Berlin] PHP Warning:  Undefined variable $error in C:\xampp\htdocs\stage1\job_detail.php on line 559
[08-Aug-2025 19:07:00 Europe/Berlin] PHP Warning:  Undefined variable $success in C:\xampp\htdocs\stage1\job_detail.php on line 562
[08-Aug-2025 19:07:00 Europe/Berlin] PHP Warning:  Undefined variable $job in C:\xampp\htdocs\stage1\job_detail.php on line 568
[08-Aug-2025 19:07:00 Europe/Berlin] PHP Warning:  Trying to access array offset on value of type null in C:\xampp\htdocs\stage1\job_detail.php on line 568
[08-Aug-2025 19:07:00 Europe/Berlin] PHP Warning:  Undefined variable $job in C:\xampp\htdocs\stage1\job_detail.php on line 570
[08-Aug-2025 19:07:00 Europe/Berlin] PHP Warning:  Trying to access array offset on value of type null in C:\xampp\htdocs\stage1\job_detail.php on line 570
[08-Aug-2025 19:07:00 Europe/Berlin] PHP Warning:  Undefined variable $job in C:\xampp\htdocs\stage1\job_detail.php on line 571
[08-Aug-2025 19:07:00 Europe/Berlin] PHP Warning:  Trying to access array offset on value of type null in C:\xampp\htdocs\stage1\job_detail.php on line 571
[08-Aug-2025 19:07:00 Europe/Berlin] PHP Warning:  Undefined variable $job in C:\xampp\htdocs\stage1\job_detail.php on line 572
[08-Aug-2025 19:07:00 Europe/Berlin] PHP Warning:  Trying to access array offset on value of type null in C:\xampp\htdocs\stage1\job_detail.php on line 572
[08-Aug-2025 19:07:00 Europe/Berlin] PHP Warning:  Undefined variable $job in C:\xampp\htdocs\stage1\job_detail.php on line 574
[08-Aug-2025 19:07:00 Europe/Berlin] PHP Warning:  Trying to access array offset on value of type null in C:\xampp\htdocs\stage1\job_detail.php on line 574
[08-Aug-2025 19:07:00 Europe/Berlin] PHP Warning:  Undefined variable $job in C:\xampp\htdocs\stage1\job_detail.php on line 575
[08-Aug-2025 19:07:00 Europe/Berlin] PHP Warning:  Trying to access array offset on value of type null in C:\xampp\htdocs\stage1\job_detail.php on line 575
[08-Aug-2025 19:07:00 Europe/Berlin] PHP Warning:  Undefined variable $job in C:\xampp\htdocs\stage1\job_detail.php on line 577
[08-Aug-2025 19:07:00 Europe/Berlin] PHP Warning:  Trying to access array offset on value of type null in C:\xampp\htdocs\stage1\job_detail.php on line 577
[08-Aug-2025 19:07:00 Europe/Berlin] PHP Warning:  Undefined variable $job in C:\xampp\htdocs\stage1\job_detail.php on line 583
[08-Aug-2025 19:07:00 Europe/Berlin] PHP Warning:  Trying to access array offset on value of type null in C:\xampp\htdocs\stage1\job_detail.php on line 583
[08-Aug-2025 19:07:00 Europe/Berlin] PHP Warning:  Undefined variable $job in C:\xampp\htdocs\stage1\job_detail.php on line 594
[08-Aug-2025 19:07:00 Europe/Berlin] PHP Warning:  Trying to access array offset on value of type null in C:\xampp\htdocs\stage1\job_detail.php on line 594
[08-Aug-2025 19:07:00 Europe/Berlin] PHP Warning:  Undefined variable $job in C:\xampp\htdocs\stage1\job_detail.php on line 598
[08-Aug-2025 19:07:00 Europe/Berlin] PHP Warning:  Trying to access array offset on value of type null in C:\xampp\htdocs\stage1\job_detail.php on line 598
[08-Aug-2025 19:07:00 Europe/Berlin] PHP Warning:  Undefined variable $job in C:\xampp\htdocs\stage1\job_detail.php on line 602
[08-Aug-2025 19:07:00 Europe/Berlin] PHP Warning:  Trying to access array offset on value of type null in C:\xampp\htdocs\stage1\job_detail.php on line 602
[08-Aug-2025 19:07:00 Europe/Berlin] PHP Warning:  Undefined variable $job in C:\xampp\htdocs\stage1\job_detail.php on line 604
[08-Aug-2025 19:07:00 Europe/Berlin] PHP Warning:  Trying to access array offset on value of type null in C:\xampp\htdocs\stage1\job_detail.php on line 604
[08-Aug-2025 19:07:00 Europe/Berlin] PHP Warning:  Undefined variable $deadline_passed in C:\xampp\htdocs\stage1\job_detail.php on line 613
[08-Aug-2025 19:07:00 Europe/Berlin] PHP Fatal error:  Uncaught Error: Call to undefined function generateCSRFToken() in C:\xampp\htdocs\stage1\job_detail.php:619
Stack trace:
#0 {main}
  thrown in C:\xampp\htdocs\stage1\job_detail.php on line 619
[08-Aug-2025 19:08:49 Europe/Berlin] PHP Warning:  Undefined variable $job in C:\xampp\htdocs\stage1\job_detail.php on line 544
[08-Aug-2025 19:08:49 Europe/Berlin] PHP Warning:  Trying to access array offset on value of type null in C:\xampp\htdocs\stage1\job_detail.php on line 544
[08-Aug-2025 19:08:49 Europe/Berlin] PHP Warning:  Undefined variable $job in C:\xampp\htdocs\stage1\job_detail.php on line 570
[08-Aug-2025 19:08:49 Europe/Berlin] PHP Warning:  Trying to access array offset on value of type null in C:\xampp\htdocs\stage1\job_detail.php on line 570
[08-Aug-2025 19:08:49 Europe/Berlin] PHP Warning:  Undefined variable $job in C:\xampp\htdocs\stage1\job_detail.php on line 572
[08-Aug-2025 19:08:49 Europe/Berlin] PHP Warning:  Trying to access array offset on value of type null in C:\xampp\htdocs\stage1\job_detail.php on line 572
[08-Aug-2025 19:08:49 Europe/Berlin] PHP Warning:  Undefined variable $job in C:\xampp\htdocs\stage1\job_detail.php on line 573
[08-Aug-2025 19:08:49 Europe/Berlin] PHP Warning:  Trying to access array offset on value of type null in C:\xampp\htdocs\stage1\job_detail.php on line 573
[08-Aug-2025 19:08:49 Europe/Berlin] PHP Warning:  Undefined variable $job in C:\xampp\htdocs\stage1\job_detail.php on line 574
[08-Aug-2025 19:08:49 Europe/Berlin] PHP Warning:  Trying to access array offset on value of type null in C:\xampp\htdocs\stage1\job_detail.php on line 574
[08-Aug-2025 19:08:49 Europe/Berlin] PHP Warning:  Undefined variable $job in C:\xampp\htdocs\stage1\job_detail.php on line 576
[08-Aug-2025 19:08:49 Europe/Berlin] PHP Warning:  Trying to access array offset on value of type null in C:\xampp\htdocs\stage1\job_detail.php on line 576
[08-Aug-2025 19:08:49 Europe/Berlin] PHP Warning:  Undefined variable $job in C:\xampp\htdocs\stage1\job_detail.php on line 577
[08-Aug-2025 19:08:49 Europe/Berlin] PHP Warning:  Trying to access array offset on value of type null in C:\xampp\htdocs\stage1\job_detail.php on line 577
[08-Aug-2025 19:08:49 Europe/Berlin] PHP Warning:  Undefined variable $job in C:\xampp\htdocs\stage1\job_detail.php on line 579
[08-Aug-2025 19:08:49 Europe/Berlin] PHP Warning:  Trying to access array offset on value of type null in C:\xampp\htdocs\stage1\job_detail.php on line 579
[08-Aug-2025 19:08:49 Europe/Berlin] PHP Warning:  Undefined variable $job in C:\xampp\htdocs\stage1\job_detail.php on line 585
[08-Aug-2025 19:08:49 Europe/Berlin] PHP Warning:  Trying to access array offset on value of type null in C:\xampp\htdocs\stage1\job_detail.php on line 585
[08-Aug-2025 19:08:49 Europe/Berlin] PHP Warning:  Undefined variable $job in C:\xampp\htdocs\stage1\job_detail.php on line 596
[08-Aug-2025 19:08:49 Europe/Berlin] PHP Warning:  Trying to access array offset on value of type null in C:\xampp\htdocs\stage1\job_detail.php on line 596
[08-Aug-2025 19:08:49 Europe/Berlin] PHP Warning:  Undefined variable $job in C:\xampp\htdocs\stage1\job_detail.php on line 600
[08-Aug-2025 19:08:49 Europe/Berlin] PHP Warning:  Trying to access array offset on value of type null in C:\xampp\htdocs\stage1\job_detail.php on line 600
[08-Aug-2025 19:08:49 Europe/Berlin] PHP Warning:  Undefined variable $job in C:\xampp\htdocs\stage1\job_detail.php on line 604
[08-Aug-2025 19:08:49 Europe/Berlin] PHP Warning:  Trying to access array offset on value of type null in C:\xampp\htdocs\stage1\job_detail.php on line 604
[08-Aug-2025 19:08:49 Europe/Berlin] PHP Warning:  Undefined variable $job in C:\xampp\htdocs\stage1\job_detail.php on line 606
[08-Aug-2025 19:08:49 Europe/Berlin] PHP Warning:  Trying to access array offset on value of type null in C:\xampp\htdocs\stage1\job_detail.php on line 606
[08-Aug-2025 19:08:49 Europe/Berlin] PHP Warning:  Undefined variable $deadline_passed in C:\xampp\htdocs\stage1\job_detail.php on line 615
[08-Aug-2025 19:08:49 Europe/Berlin] PHP Warning:  Undefined variable $job in C:\xampp\htdocs\stage1\job_detail.php on line 651
[08-Aug-2025 19:08:49 Europe/Berlin] PHP Warning:  Trying to access array offset on value of type null in C:\xampp\htdocs\stage1\job_detail.php on line 651
[08-Aug-2025 19:08:57 Europe/Berlin] PHP Warning:  Undefined variable $job in C:\xampp\htdocs\stage1\job_detail.php on line 544
[08-Aug-2025 19:08:57 Europe/Berlin] PHP Warning:  Trying to access array offset on value of type null in C:\xampp\htdocs\stage1\job_detail.php on line 544
[08-Aug-2025 19:08:57 Europe/Berlin] PHP Warning:  Undefined variable $job in C:\xampp\htdocs\stage1\job_detail.php on line 570
[08-Aug-2025 19:08:57 Europe/Berlin] PHP Warning:  Trying to access array offset on value of type null in C:\xampp\htdocs\stage1\job_detail.php on line 570
[08-Aug-2025 19:08:57 Europe/Berlin] PHP Warning:  Undefined variable $job in C:\xampp\htdocs\stage1\job_detail.php on line 572
[08-Aug-2025 19:08:57 Europe/Berlin] PHP Warning:  Trying to access array offset on value of type null in C:\xampp\htdocs\stage1\job_detail.php on line 572
[08-Aug-2025 19:08:57 Europe/Berlin] PHP Warning:  Undefined variable $job in C:\xampp\htdocs\stage1\job_detail.php on line 573
[08-Aug-2025 19:08:57 Europe/Berlin] PHP Warning:  Trying to access array offset on value of type null in C:\xampp\htdocs\stage1\job_detail.php on line 573
[08-Aug-2025 19:08:57 Europe/Berlin] PHP Warning:  Undefined variable $job in C:\xampp\htdocs\stage1\job_detail.php on line 574
[08-Aug-2025 19:08:57 Europe/Berlin] PHP Warning:  Trying to access array offset on value of type null in C:\xampp\htdocs\stage1\job_detail.php on line 574
[08-Aug-2025 19:08:57 Europe/Berlin] PHP Warning:  Undefined variable $job in C:\xampp\htdocs\stage1\job_detail.php on line 576
[08-Aug-2025 19:08:57 Europe/Berlin] PHP Warning:  Trying to access array offset on value of type null in C:\xampp\htdocs\stage1\job_detail.php on line 576
[08-Aug-2025 19:08:57 Europe/Berlin] PHP Warning:  Undefined variable $job in C:\xampp\htdocs\stage1\job_detail.php on line 577
[08-Aug-2025 19:08:57 Europe/Berlin] PHP Warning:  Trying to access array offset on value of type null in C:\xampp\htdocs\stage1\job_detail.php on line 577
[08-Aug-2025 19:08:57 Europe/Berlin] PHP Warning:  Undefined variable $job in C:\xampp\htdocs\stage1\job_detail.php on line 579
[08-Aug-2025 19:08:57 Europe/Berlin] PHP Warning:  Trying to access array offset on value of type null in C:\xampp\htdocs\stage1\job_detail.php on line 579
[08-Aug-2025 19:08:57 Europe/Berlin] PHP Warning:  Undefined variable $job in C:\xampp\htdocs\stage1\job_detail.php on line 585
[08-Aug-2025 19:08:57 Europe/Berlin] PHP Warning:  Trying to access array offset on value of type null in C:\xampp\htdocs\stage1\job_detail.php on line 585
[08-Aug-2025 19:08:57 Europe/Berlin] PHP Warning:  Undefined variable $job in C:\xampp\htdocs\stage1\job_detail.php on line 596
[08-Aug-2025 19:08:57 Europe/Berlin] PHP Warning:  Trying to access array offset on value of type null in C:\xampp\htdocs\stage1\job_detail.php on line 596
[08-Aug-2025 19:08:57 Europe/Berlin] PHP Warning:  Undefined variable $job in C:\xampp\htdocs\stage1\job_detail.php on line 600
[08-Aug-2025 19:08:57 Europe/Berlin] PHP Warning:  Trying to access array offset on value of type null in C:\xampp\htdocs\stage1\job_detail.php on line 600
[08-Aug-2025 19:08:57 Europe/Berlin] PHP Warning:  Undefined variable $job in C:\xampp\htdocs\stage1\job_detail.php on line 604
[08-Aug-2025 19:08:57 Europe/Berlin] PHP Warning:  Trying to access array offset on value of type null in C:\xampp\htdocs\stage1\job_detail.php on line 604
[08-Aug-2025 19:08:57 Europe/Berlin] PHP Warning:  Undefined variable $job in C:\xampp\htdocs\stage1\job_detail.php on line 606
[08-Aug-2025 19:08:57 Europe/Berlin] PHP Warning:  Trying to access array offset on value of type null in C:\xampp\htdocs\stage1\job_detail.php on line 606
[08-Aug-2025 19:08:57 Europe/Berlin] PHP Warning:  Undefined variable $deadline_passed in C:\xampp\htdocs\stage1\job_detail.php on line 615
[08-Aug-2025 19:08:57 Europe/Berlin] PHP Warning:  Undefined variable $job in C:\xampp\htdocs\stage1\job_detail.php on line 651
[08-Aug-2025 19:08:57 Europe/Berlin] PHP Warning:  Trying to access array offset on value of type null in C:\xampp\htdocs\stage1\job_detail.php on line 651
[08-Aug-2025 19:08:58 Europe/Berlin] PHP Warning:  Undefined variable $job in C:\xampp\htdocs\stage1\job_detail.php on line 544
[08-Aug-2025 19:08:58 Europe/Berlin] PHP Warning:  Trying to access array offset on value of type null in C:\xampp\htdocs\stage1\job_detail.php on line 544
[08-Aug-2025 19:08:58 Europe/Berlin] PHP Warning:  Undefined variable $job in C:\xampp\htdocs\stage1\job_detail.php on line 570
[08-Aug-2025 19:08:58 Europe/Berlin] PHP Warning:  Trying to access array offset on value of type null in C:\xampp\htdocs\stage1\job_detail.php on line 570
[08-Aug-2025 19:08:58 Europe/Berlin] PHP Warning:  Undefined variable $job in C:\xampp\htdocs\stage1\job_detail.php on line 572
[08-Aug-2025 19:08:58 Europe/Berlin] PHP Warning:  Trying to access array offset on value of type null in C:\xampp\htdocs\stage1\job_detail.php on line 572
[08-Aug-2025 19:08:58 Europe/Berlin] PHP Warning:  Undefined variable $job in C:\xampp\htdocs\stage1\job_detail.php on line 573
[08-Aug-2025 19:08:58 Europe/Berlin] PHP Warning:  Trying to access array offset on value of type null in C:\xampp\htdocs\stage1\job_detail.php on line 573
[08-Aug-2025 19:08:58 Europe/Berlin] PHP Warning:  Undefined variable $job in C:\xampp\htdocs\stage1\job_detail.php on line 574
[08-Aug-2025 19:08:58 Europe/Berlin] PHP Warning:  Trying to access array offset on value of type null in C:\xampp\htdocs\stage1\job_detail.php on line 574
[08-Aug-2025 19:08:58 Europe/Berlin] PHP Warning:  Undefined variable $job in C:\xampp\htdocs\stage1\job_detail.php on line 576
[08-Aug-2025 19:08:58 Europe/Berlin] PHP Warning:  Trying to access array offset on value of type null in C:\xampp\htdocs\stage1\job_detail.php on line 576
[08-Aug-2025 19:08:58 Europe/Berlin] PHP Warning:  Undefined variable $job in C:\xampp\htdocs\stage1\job_detail.php on line 577
[08-Aug-2025 19:08:58 Europe/Berlin] PHP Warning:  Trying to access array offset on value of type null in C:\xampp\htdocs\stage1\job_detail.php on line 577
[08-Aug-2025 19:08:58 Europe/Berlin] PHP Warning:  Undefined variable $job in C:\xampp\htdocs\stage1\job_detail.php on line 579
[08-Aug-2025 19:08:58 Europe/Berlin] PHP Warning:  Trying to access array offset on value of type null in C:\xampp\htdocs\stage1\job_detail.php on line 579
[08-Aug-2025 19:08:58 Europe/Berlin] PHP Warning:  Undefined variable $job in C:\xampp\htdocs\stage1\job_detail.php on line 585
[08-Aug-2025 19:08:58 Europe/Berlin] PHP Warning:  Trying to access array offset on value of type null in C:\xampp\htdocs\stage1\job_detail.php on line 585
[08-Aug-2025 19:08:58 Europe/Berlin] PHP Warning:  Undefined variable $job in C:\xampp\htdocs\stage1\job_detail.php on line 596
[08-Aug-2025 19:08:58 Europe/Berlin] PHP Warning:  Trying to access array offset on value of type null in C:\xampp\htdocs\stage1\job_detail.php on line 596
[08-Aug-2025 19:08:58 Europe/Berlin] PHP Warning:  Undefined variable $job in C:\xampp\htdocs\stage1\job_detail.php on line 600
[08-Aug-2025 19:08:58 Europe/Berlin] PHP Warning:  Trying to access array offset on value of type null in C:\xampp\htdocs\stage1\job_detail.php on line 600
[08-Aug-2025 19:08:58 Europe/Berlin] PHP Warning:  Undefined variable $job in C:\xampp\htdocs\stage1\job_detail.php on line 604
[08-Aug-2025 19:08:58 Europe/Berlin] PHP Warning:  Trying to access array offset on value of type null in C:\xampp\htdocs\stage1\job_detail.php on line 604
[08-Aug-2025 19:08:58 Europe/Berlin] PHP Warning:  Undefined variable $job in C:\xampp\htdocs\stage1\job_detail.php on line 606
[08-Aug-2025 19:08:58 Europe/Berlin] PHP Warning:  Trying to access array offset on value of type null in C:\xampp\htdocs\stage1\job_detail.php on line 606
[08-Aug-2025 19:08:58 Europe/Berlin] PHP Warning:  Undefined variable $deadline_passed in C:\xampp\htdocs\stage1\job_detail.php on line 615
[08-Aug-2025 19:08:58 Europe/Berlin] PHP Warning:  Undefined variable $job in C:\xampp\htdocs\stage1\job_detail.php on line 651
[08-Aug-2025 19:08:58 Europe/Berlin] PHP Warning:  Trying to access array offset on value of type null in C:\xampp\htdocs\stage1\job_detail.php on line 651
[08-Aug-2025 19:08:59 Europe/Berlin] PHP Warning:  Undefined variable $job in C:\xampp\htdocs\stage1\job_detail.php on line 544
[08-Aug-2025 19:08:59 Europe/Berlin] PHP Warning:  Trying to access array offset on value of type null in C:\xampp\htdocs\stage1\job_detail.php on line 544
[08-Aug-2025 19:08:59 Europe/Berlin] PHP Warning:  Undefined variable $job in C:\xampp\htdocs\stage1\job_detail.php on line 570
[08-Aug-2025 19:08:59 Europe/Berlin] PHP Warning:  Trying to access array offset on value of type null in C:\xampp\htdocs\stage1\job_detail.php on line 570
[08-Aug-2025 19:08:59 Europe/Berlin] PHP Warning:  Undefined variable $job in C:\xampp\htdocs\stage1\job_detail.php on line 572
[08-Aug-2025 19:08:59 Europe/Berlin] PHP Warning:  Trying to access array offset on value of type null in C:\xampp\htdocs\stage1\job_detail.php on line 572
[08-Aug-2025 19:08:59 Europe/Berlin] PHP Warning:  Undefined variable $job in C:\xampp\htdocs\stage1\job_detail.php on line 573
[08-Aug-2025 19:08:59 Europe/Berlin] PHP Warning:  Trying to access array offset on value of type null in C:\xampp\htdocs\stage1\job_detail.php on line 573
[08-Aug-2025 19:08:59 Europe/Berlin] PHP Warning:  Undefined variable $job in C:\xampp\htdocs\stage1\job_detail.php on line 574
[08-Aug-2025 19:08:59 Europe/Berlin] PHP Warning:  Trying to access array offset on value of type null in C:\xampp\htdocs\stage1\job_detail.php on line 574
[08-Aug-2025 19:08:59 Europe/Berlin] PHP Warning:  Undefined variable $job in C:\xampp\htdocs\stage1\job_detail.php on line 576
[08-Aug-2025 19:08:59 Europe/Berlin] PHP Warning:  Trying to access array offset on value of type null in C:\xampp\htdocs\stage1\job_detail.php on line 576
[08-Aug-2025 19:08:59 Europe/Berlin] PHP Warning:  Undefined variable $job in C:\xampp\htdocs\stage1\job_detail.php on line 577
[08-Aug-2025 19:08:59 Europe/Berlin] PHP Warning:  Trying to access array offset on value of type null in C:\xampp\htdocs\stage1\job_detail.php on line 577
[08-Aug-2025 19:08:59 Europe/Berlin] PHP Warning:  Undefined variable $job in C:\xampp\htdocs\stage1\job_detail.php on line 579
[08-Aug-2025 19:08:59 Europe/Berlin] PHP Warning:  Trying to access array offset on value of type null in C:\xampp\htdocs\stage1\job_detail.php on line 579
[08-Aug-2025 19:08:59 Europe/Berlin] PHP Warning:  Undefined variable $job in C:\xampp\htdocs\stage1\job_detail.php on line 585
[08-Aug-2025 19:08:59 Europe/Berlin] PHP Warning:  Trying to access array offset on value of type null in C:\xampp\htdocs\stage1\job_detail.php on line 585
[08-Aug-2025 19:08:59 Europe/Berlin] PHP Warning:  Undefined variable $job in C:\xampp\htdocs\stage1\job_detail.php on line 596
[08-Aug-2025 19:08:59 Europe/Berlin] PHP Warning:  Trying to access array offset on value of type null in C:\xampp\htdocs\stage1\job_detail.php on line 596
[08-Aug-2025 19:08:59 Europe/Berlin] PHP Warning:  Undefined variable $job in C:\xampp\htdocs\stage1\job_detail.php on line 600
[08-Aug-2025 19:08:59 Europe/Berlin] PHP Warning:  Trying to access array offset on value of type null in C:\xampp\htdocs\stage1\job_detail.php on line 600
[08-Aug-2025 19:08:59 Europe/Berlin] PHP Warning:  Undefined variable $job in C:\xampp\htdocs\stage1\job_detail.php on line 604
[08-Aug-2025 19:08:59 Europe/Berlin] PHP Warning:  Trying to access array offset on value of type null in C:\xampp\htdocs\stage1\job_detail.php on line 604
[08-Aug-2025 19:08:59 Europe/Berlin] PHP Warning:  Undefined variable $job in C:\xampp\htdocs\stage1\job_detail.php on line 606
[08-Aug-2025 19:08:59 Europe/Berlin] PHP Warning:  Trying to access array offset on value of type null in C:\xampp\htdocs\stage1\job_detail.php on line 606
[08-Aug-2025 19:08:59 Europe/Berlin] PHP Warning:  Undefined variable $deadline_passed in C:\xampp\htdocs\stage1\job_detail.php on line 615
[08-Aug-2025 19:08:59 Europe/Berlin] PHP Warning:  Undefined variable $job in C:\xampp\htdocs\stage1\job_detail.php on line 651
[08-Aug-2025 19:08:59 Europe/Berlin] PHP Warning:  Trying to access array offset on value of type null in C:\xampp\htdocs\stage1\job_detail.php on line 651
